************* Module bruch
bruch.py:1: [C0111(missing-docstring), ] Missing module docstring
bruch.py:1: [C0111(missing-docstring), Bruch] Missing class docstring
bruch.py:13: [C0123(unidiomatic-typecheck), Bruch.__init__] Using type() instead of isinstance() for a typecheck.
bruch.py:13: [C0123(unidiomatic-typecheck), Bruch.__init__] Using type() instead of isinstance() for a typecheck.
bruch.py:42: [C0123(unidiomatic-typecheck), Bruch.__add__] Using type() instead of isinstance() for a typecheck.
bruch.py:45: [C0123(unidiomatic-typecheck), Bruch.__add__] Using type() instead of isinstance() for a typecheck.
bruch.py:45: [C0123(unidiomatic-typecheck), Bruch.__add__] Using type() instead of isinstance() for a typecheck.
bruch.py:48: [C0123(unidiomatic-typecheck), Bruch.__add__] Using type() instead of isinstance() for a typecheck.
bruch.py:49: [C0103(invalid-name), Bruch.__add__] Invalid variable name "z1"
bruch.py:50: [C0103(invalid-name), Bruch.__add__] Invalid variable name "z2"
bruch.py:63: [C0123(unidiomatic-typecheck), Bruch.__iadd__] Using type() instead of isinstance() for a typecheck.
bruch.py:63: [C0123(unidiomatic-typecheck), Bruch.__iadd__] Using type() instead of isinstance() for a typecheck.
bruch.py:87: [C0123(unidiomatic-typecheck), Bruch.__sub__] Using type() instead of isinstance() for a typecheck.
bruch.py:90: [C0123(unidiomatic-typecheck), Bruch.__sub__] Using type() instead of isinstance() for a typecheck.
bruch.py:90: [C0123(unidiomatic-typecheck), Bruch.__sub__] Using type() instead of isinstance() for a typecheck.
bruch.py:93: [C0123(unidiomatic-typecheck), Bruch.__sub__] Using type() instead of isinstance() for a typecheck.
bruch.py:94: [C0103(invalid-name), Bruch.__sub__] Invalid variable name "z1"
bruch.py:95: [C0103(invalid-name), Bruch.__sub__] Invalid variable name "z2"
bruch.py:107: [C0123(unidiomatic-typecheck), Bruch.__isub__] Using type() instead of isinstance() for a typecheck.
bruch.py:121: [C0123(unidiomatic-typecheck), Bruch.__rsub__] Using type() instead of isinstance() for a typecheck.
bruch.py:121: [C0123(unidiomatic-typecheck), Bruch.__rsub__] Using type() instead of isinstance() for a typecheck.
bruch.py:132: [C0123(unidiomatic-typecheck), Bruch.__mul__] Using type() instead of isinstance() for a typecheck.
bruch.py:135: [C0123(unidiomatic-typecheck), Bruch.__mul__] Using type() instead of isinstance() for a typecheck.
bruch.py:135: [C0123(unidiomatic-typecheck), Bruch.__mul__] Using type() instead of isinstance() for a typecheck.
bruch.py:138: [C0123(unidiomatic-typecheck), Bruch.__mul__] Using type() instead of isinstance() for a typecheck.
bruch.py:150: [C0123(unidiomatic-typecheck), Bruch.__imul__] Using type() instead of isinstance() for a typecheck.
bruch.py:150: [C0123(unidiomatic-typecheck), Bruch.__imul__] Using type() instead of isinstance() for a typecheck.
bruch.py:177: [C0123(unidiomatic-typecheck), Bruch.__truediv__] Using type() instead of isinstance() for a typecheck.
bruch.py:180: [C0123(unidiomatic-typecheck), Bruch.__truediv__] Using type() instead of isinstance() for a typecheck.
bruch.py:180: [C0123(unidiomatic-typecheck), Bruch.__truediv__] Using type() instead of isinstance() for a typecheck.
bruch.py:183: [C0123(unidiomatic-typecheck), Bruch.__truediv__] Using type() instead of isinstance() for a typecheck.
bruch.py:195: [C0123(unidiomatic-typecheck), Bruch.__itruediv__] Using type() instead of isinstance() for a typecheck.
bruch.py:195: [C0123(unidiomatic-typecheck), Bruch.__itruediv__] Using type() instead of isinstance() for a typecheck.
bruch.py:221: [R1703(simplifiable-if-statement), Bruch.__eq__] The if statement can be replaced with 'return bool(test)'
bruch.py:221: [R1705(no-else-return), Bruch.__eq__] Unnecessary "else" after "return"
bruch.py:268: [C0123(unidiomatic-typecheck), Bruch.__pow__] Using type() instead of isinstance() for a typecheck.
bruch.py:271: [C0123(unidiomatic-typecheck), Bruch.__pow__] Using type() instead of isinstance() for a typecheck.
bruch.py:271: [C0123(unidiomatic-typecheck), Bruch.__pow__] Using type() instead of isinstance() for a typecheck.
bruch.py:275: [C0123(unidiomatic-typecheck), Bruch.__pow__] Using type() instead of isinstance() for a typecheck.
bruch.py:324: [C0103(invalid-name), Bruch.__str__] Invalid variable name "s"
bruch.py:326: [C0103(invalid-name), Bruch.__str__] Invalid variable name "s"
bruch.py:328: [C0103(invalid-name), Bruch.__str__] Invalid variable name "s"
bruch.py:341: [C0103(invalid-name), Bruch._Bruch__makeBruch] Invalid method name "_Bruch__makeBruch"
bruch.py:349: [C0123(unidiomatic-typecheck), Bruch._Bruch__makeBruch] Using type() instead of isinstance() for a typecheck.
bruch.py:1: [R0903(too-few-public-methods), Bruch] Too few public methods (0/2)

------------------------------------------------------------------
Your code has been rated at 6.56/10 (previous run: 6.56/10, +0.00)

